android/build/intermediates/manifest_merge_blame_file/debug/manifest-merger-blame-debug-report.txt
1<?xml version="1.0" encoding="utf-8"?>
2<manifest xmlns:android="http://schemas.android.com/apk/res/android"
3    package="io.github.emusute1212.memotte.android"
4    android:versionCode="1"
5    android:versionName="0.0.0.1" >
6
7    <uses-sdk
8        android:minSdkVersion="23"
8-->src/main/AndroidManifest.xml
9        android:targetSdkVersion="29" />
9-->src/main/AndroidManifest.xml
10
11    <application
11-->src/main/AndroidManifest.xml:5:5-37:19
12        android:name="io.github.emusute1212.memotte.android.MemotteApplication"
12-->src/main/AndroidManifest.xml:6:9-43
13        android:allowBackup="true"
13-->src/main/AndroidManifest.xml:7:9-35
14        android:appComponentFactory="androidx.core.app.CoreComponentFactory"
14-->[androidx.core:core:1.3.2] AndroidManifest.xml:24:18-86
15        android:debuggable="true"
16        android:extractNativeLibs="false"
17        android:icon="@mipmap/ic_launcher"
17-->src/main/AndroidManifest.xml:8:9-43
18        android:label="@string/app_name"
18-->src/main/AndroidManifest.xml:9:9-41
19        android:roundIcon="@mipmap/ic_launcher_round"
19-->src/main/AndroidManifest.xml:10:9-54
20        android:supportsRtl="true"
20-->src/main/AndroidManifest.xml:11:9-35
21        android:testOnly="true" >
22        <activity
22-->src/main/AndroidManifest.xml:12:9-21:20
23            android:name="io.github.emusute1212.memotte.android.MainActivity"
23-->src/main/AndroidManifest.xml:13:13-41
24            android:theme="@style/Theme.Android"
24-->src/main/AndroidManifest.xml:14:13-49
25            android:windowSoftInputMode="stateHidden|adjustResize" >
25-->src/main/AndroidManifest.xml:15:13-67
26            <intent-filter>
26-->src/main/AndroidManifest.xml:16:13-20:29
27                <action android:name="android.intent.action.MAIN" />
27-->src/main/AndroidManifest.xml:17:17-69
27-->src/main/AndroidManifest.xml:17:25-66
28
29                <category android:name="android.intent.category.LAUNCHER" />
29-->src/main/AndroidManifest.xml:19:17-77
29-->src/main/AndroidManifest.xml:19:27-74
30            </intent-filter>
31        </activity>
32        <activity
32-->src/main/AndroidManifest.xml:22:9-29:20
33            android:name="io.github.emusute1212.memotte.android.view.settings.AboutAppActivity"
33-->src/main/AndroidManifest.xml:23:13-59
34            android:label="@string/about_app_title"
34-->src/main/AndroidManifest.xml:24:13-52
35            android:theme="@style/Theme.MaterialComponents.DayNight.DarkActionBar" >
35-->src/main/AndroidManifest.xml:25:13-83
36            <meta-data
36-->src/main/AndroidManifest.xml:26:13-28:49
37                android:name="android.support.PARENT_ACTIVITY"
37-->src/main/AndroidManifest.xml:27:17-63
38                android:value=".MainActivity" />
38-->src/main/AndroidManifest.xml:28:17-46
39        </activity>
40        <activity
40-->src/main/AndroidManifest.xml:30:9-36:20
41            android:name="com.google.android.gms.oss.licenses.OssLicensesMenuActivity"
41-->src/main/AndroidManifest.xml:31:13-87
42            android:label="@string/oss_license_title"
42-->[com.google.android.gms:play-services-oss-licenses:17.0.0] AndroidManifest.xml:25:13-54
43            android:theme="@style/Theme.AppCompat.Light.DarkActionBar" >
43-->src/main/AndroidManifest.xml:32:13-71
44            <meta-data
44-->src/main/AndroidManifest.xml:26:13-28:49
45                android:name="android.support.PARENT_ACTIVITY"
45-->src/main/AndroidManifest.xml:27:17-63
46                android:value=".MainActivity" />
46-->src/main/AndroidManifest.xml:28:17-46
47        </activity>
48        <activity android:name="com.google.android.gms.oss.licenses.OssLicensesActivity" />
48-->[com.google.android.gms:play-services-oss-licenses:17.0.0] AndroidManifest.xml:26:9-92
48-->[com.google.android.gms:play-services-oss-licenses:17.0.0] AndroidManifest.xml:26:19-89
49
50        <service
50-->[androidx.room:room-runtime:2.2.6] AndroidManifest.xml:25:9-28:40
51            android:name="androidx.room.MultiInstanceInvalidationService"
51-->[androidx.room:room-runtime:2.2.6] AndroidManifest.xml:26:13-74
52            android:directBootAware="true"
52-->[androidx.room:room-runtime:2.2.6] AndroidManifest.xml:27:13-43
53            android:exported="false" />
53-->[androidx.room:room-runtime:2.2.6] AndroidManifest.xml:28:13-37
54
55        <activity
55-->[com.google.android.gms:play-services-base:17.0.0] AndroidManifest.xml:23:9-26:75
56            android:name="com.google.android.gms.common.api.GoogleApiActivity"
56-->[com.google.android.gms:play-services-base:17.0.0] AndroidManifest.xml:24:13-79
57            android:exported="false"
57-->[com.google.android.gms:play-services-base:17.0.0] AndroidManifest.xml:25:13-37
58            android:theme="@android:style/Theme.Translucent.NoTitleBar" />
58-->[com.google.android.gms:play-services-base:17.0.0] AndroidManifest.xml:26:13-72
59
60        <meta-data
60-->[com.google.android.gms:play-services-basement:17.0.0] AndroidManifest.xml:23:9-25:69
61            android:name="com.google.android.gms.version"
61-->[com.google.android.gms:play-services-basement:17.0.0] AndroidManifest.xml:24:13-58
62            android:value="@integer/google_play_services_version" />
62-->[com.google.android.gms:play-services-basement:17.0.0] AndroidManifest.xml:25:13-66
63    </application>
64
65</manifest>